<?xml version="1.0" encoding="UTF-8"?>
<testng-results ignored="0" total="1" passed="1" failed="0" skipped="0">
  <reporter-output>
  </reporter-output>
  <suite started-at="2023-07-22T13:52:50 CST" name="Surefire suite" finished-at="2023-07-22T13:52:52 CST" duration-ms="1798">
    <groups>
    </groups>
    <test started-at="2023-07-22T13:52:50 CST" name="Surefire test" finished-at="2023-07-22T13:52:52 CST" duration-ms="1798">
      <class name="com.testcases.LoginE2ETest">
        <test-method is-config="true" signature="beforeClass()[pri:0, instance:com.testcases.LoginE2ETest@1cab0bfb]" started-at="2023-07-22T13:52:50 CST" name="beforeClass" finished-at="2023-07-22T13:52:52 CST" duration-ms="1785" status="PASS">
          <reporter-output>
          </reporter-output>
        </test-method> <!-- beforeClass -->
        <test-method signature="testLoginE2ETest()[pri:0, instance:com.testcases.LoginE2ETest@1cab0bfb]" started-at="2023-07-22T13:52:52 CST" name="testLoginE2ETest" description="login test E2E test - demo" finished-at="2023-07-22T13:52:52 CST" duration-ms="1" status="PASS">
          <reporter-output>
          </reporter-output>
        </test-method> <!-- testLoginE2ETest -->
      </class> <!-- com.testcases.LoginE2ETest -->
    </test> <!-- Surefire test -->
  </suite> <!-- Surefire suite -->
</testng-results>
